<?xml version="1.0" encoding="UTF-8"?>
<!-- Generated by org.testng.reporters.JUnitReportReporter -->
<testsuite hostname="3Q3W0M1" name="com.example.tests.ContactModificationTest" tests="1" failures="0" timestamp="14 Apr 2014 23:18:19 GMT" time="1.121" errors="0">
  <testcase name="modifySomeContact" time="1.121" classname="com.example.tests.ContactModificationTest"/>
</testsuite> <!-- com.example.tests.ContactModificationTest -->
