<?xml version="1.0" encoding="UTF-8"?>
<!-- Generated by org.testng.reporters.JUnitReportReporter -->
<testsuite hostname="3Q3W0M1" name="com.example.tests.ContactRemovalTests" tests="1" failures="0" timestamp="14 Apr 2014 23:26:57 GMT" time="0.532" errors="0">
  <testcase name="removeSomeContact" time="0.532" classname="com.example.tests.ContactRemovalTests"/>
</testsuite> <!-- com.example.tests.ContactRemovalTests -->
