<?xml version="1.0" encoding="UTF-8"?>
<!-- Generated by org.testng.reporters.JUnitReportReporter -->
<testsuite hostname="3Q3W0M1" name="com.example.tests.ContactCreationTests" tests="1" failures="0" timestamp="14 Apr 2014 23:27:20 GMT" time="3.445" errors="0">
  <testcase name="testContactCreation" time="3.445" classname="com.example.tests.ContactCreationTests"/>
</testsuite> <!-- com.example.tests.ContactCreationTests -->
