<?xml version="1.0" encoding="UTF-8"?>
<!-- Generated by org.testng.reporters.JUnitReportReporter -->
<testsuite hostname="3Q3W0M1" name="com.example.tests.CopyOfGroupCreationTests" tests="2" failures="0" timestamp="30 Mar 2014 19:52:25 GMT" time="2.939" errors="0">
  <testcase name="testNonEmptyGroupCreation" time="1.582" classname="com.example.tests.CopyOfGroupCreationTests"/>
  <testcase name="testEmptyGroupCreation" time="1.357" classname="com.example.tests.CopyOfGroupCreationTests"/>
</testsuite> <!-- com.example.tests.CopyOfGroupCreationTests -->
