<?xml version="1.0" encoding="UTF-8"?>
<!-- Generated by org.testng.reporters.JUnitReportReporter -->
<testsuite hostname="3Q3W0M1" name="com.example.tests.GroupRemovalTests" tests="1" failures="0" timestamp="23 Apr 2014 21:42:35 GMT" time="2.744" errors="0">
  <testcase name="deleteSomeGroup" time="2.744" classname="com.example.tests.GroupRemovalTests"/>
</testsuite> <!-- com.example.tests.GroupRemovalTests -->
