<?xml version="1.0" encoding="UTF-8"?>
<!-- Generated by org.testng.reporters.JUnitReportReporter -->
<testsuite hostname="3Q3W0M1" name="com.example.tests.ContactRemovalTests" tests="1" failures="0" timestamp="23 Apr 2014 21:43:44 GMT" time="1.740" errors="0">
  <testcase name="removeSomeContact" time="1.740" classname="com.example.tests.ContactRemovalTests"/>
</testsuite> <!-- com.example.tests.ContactRemovalTests -->
