<?xml version="1.0" encoding="UTF-8"?>
<!-- Generated by org.testng.reporters.JUnitReportReporter -->
<testsuite hostname="3Q3W0M1" name="com.example.tests.TestContactCreation" tests="1" failures="0" timestamp="14 Apr 2014 21:00:07 GMT" time="4.684" errors="0">
  <testcase name="testContactCreation" time="4.684" classname="com.example.tests.TestContactCreation"/>
</testsuite> <!-- com.example.tests.TestContactCreation -->
