<?xml version="1.0" encoding="UTF-8"?>
<!-- Generated by org.testng.reporters.JUnitReportReporter -->
<testsuite hostname="3Q3W0M1" name="com.example.tests.ContactCreationTests" tests="1" failures="0" timestamp="30 Mar 2014 20:37:43 GMT" time="3.186" errors="0">
  <testcase name="testUntitled" time="3.186" classname="com.example.tests.ContactCreationTests"/>
</testsuite> <!-- com.example.tests.ContactCreationTests -->
