<?xml version="1.0" encoding="UTF-8"?>
<!-- Generated by org.testng.reporters.JUnitReportReporter -->
<testsuite hostname="3Q3W0M1" name="com.example.tests.GroupModificationTests" tests="1" failures="0" timestamp="14 Apr 2014 22:34:24 GMT" time="2.687" errors="0">
  <testcase name="modifySomeGroup" time="2.687" classname="com.example.tests.GroupModificationTests"/>
</testsuite> <!-- com.example.tests.GroupModificationTests -->
