<?xml version="1.0" encoding="UTF-8"?>
<!-- Generated by org.testng.reporters.JUnitReportReporter -->
<testsuite hostname="3Q3W0M1" name="com.example.tests.GroupCreationTests" tests="2" failures="0" timestamp="30 Mar 2014 20:37:43 GMT" time="3.220" errors="0">
  <testcase name="testNonEmptyGroupCreation" time="1.469" classname="com.example.tests.GroupCreationTests"/>
  <testcase name="testEmptyGroupCreation" time="1.751" classname="com.example.tests.GroupCreationTests"/>
</testsuite> <!-- com.example.tests.GroupCreationTests -->
