<?xml version="1.0" encoding="UTF-8"?>
<!-- Generated by org.testng.reporters.JUnitReportReporter -->
<testsuite hostname="3Q3W0M1" name="com.example.tests.ContactRemovalTest" tests="1" failures="0" timestamp="14 Apr 2014 23:21:46 GMT" time="0.711" errors="0">
  <testcase name="removeSomeContact" time="0.711" classname="com.example.tests.ContactRemovalTest"/>
</testsuite> <!-- com.example.tests.ContactRemovalTest -->
