<?xml version="1.0" encoding="UTF-8"?>
<!-- Generated by org.testng.reporters.JUnitReportReporter -->
<testsuite hostname="3Q3W0M1" name="com.example.tests.GroupModificationTests" tests="5" failures="0" timestamp="23 Apr 2014 21:42:20 GMT" time="17.323" errors="0">
  <testcase name="modifySomeGroup" time="3.242" classname="com.example.tests.GroupModificationTests"/>
  <testcase name="modifySomeGroup" time="3.801" classname="com.example.tests.GroupModificationTests"/>
  <testcase name="modifySomeGroup" time="3.420" classname="com.example.tests.GroupModificationTests"/>
  <testcase name="modifySomeGroup" time="3.510" classname="com.example.tests.GroupModificationTests"/>
  <testcase name="modifySomeGroup" time="3.350" classname="com.example.tests.GroupModificationTests"/>
</testsuite> <!-- com.example.tests.GroupModificationTests -->
