<?xml version="1.0" encoding="UTF-8"?>
<!-- Generated by org.testng.reporters.JUnitReportReporter -->
<testsuite hostname="3Q3W0M1" name="com.example.tests.ContactCreationTests" tests="2" failures="0" timestamp="23 Apr 2014 21:42:57 GMT" time="10.375" errors="0">
  <testcase name="testContactCreation" time="5.571" classname="com.example.tests.ContactCreationTests"/>
  <testcase name="testContactCreation" time="4.804" classname="com.example.tests.ContactCreationTests"/>
</testsuite> <!-- com.example.tests.ContactCreationTests -->
